<?xml version="1.0" encoding="UTF-8"?>
<!-- Generated by org.testng.reporters.JUnitXMLReporter -->
<testsuite ignored="0" hostname="DESKTOP-SE5TEOK" failures="0" tests="1" name="chrome" time="0.221" errors="0" timestamp="2024-12-16T09:57:59 IST">
  <testcase classname="testBase.BaseClass" name="@BeforeClass setUp" time="-1.734323279084E9">
    <failure type="org.testng.TestNGException" message="
Parameter &amp;apos;os&amp;apos; is required by BeforeClass on method setUp but has not been marked @Optional or defined
in C:\Users\lenovo\OneDrive\Desktop\C\Users\lenovo\eclipse-workspace\Open121\testng.xml">
      <![CDATA[org.testng.TestNGException: 
Parameter 'os' is required by BeforeClass on method setUp but has not been marked @Optional or defined
in C:\Users\lenovo\OneDrive\Desktop\C\Users\lenovo\eclipse-workspace\Open121\testng.xml
at java.base/java.util.ArrayList.forEach(ArrayList.java:1511)
... Removed 22 stack frames]]>
    </failure>
  </testcase> <!-- @BeforeClass setUp -->
  <testcase classname="testBase.BaseClass" name="@AfterClass tearDown" time="-1.734323279242E9">
    <skipped/>
  </testcase> <!-- @AfterClass tearDown -->
  <testcase classname="testCases.TC_001AccountRegistrationTest" name="verify_account_regestration" time="0.0">
    <skipped/>
  </testcase> <!-- verify_account_regestration -->
</testsuite> <!-- chrome -->
